Release 14.7 - xst P.20131013 (nt64)
Copyright (c) 1995-2013 Xilinx, Inc.  All rights reserved.
--> Parameter TMPDIR set to xst/projnav.tmp


Total REAL time to Xst completion: 1.00 secs
Total CPU time to Xst completion: 0.36 secs
 
--> Parameter xsthdpdir set to xst


Total REAL time to Xst completion: 1.00 secs
Total CPU time to Xst completion: 0.36 secs
 
--> Reading design: Main.prj

TABLE OF CONTENTS
  1) Synthesis Options Summary
  2) HDL Compilation
  3) Design Hierarchy Analysis
  4) HDL Analysis
  5) HDL Synthesis
     5.1) HDL Synthesis Report
  6) Advanced HDL Synthesis
     6.1) Advanced HDL Synthesis Report
  7) Low Level Synthesis
  8) Partition Report
  9) Final Report
	9.1) Device utilization summary
	9.2) Partition Resource Summary
	9.3) TIMING REPORT


=========================================================================
*                      Synthesis Options Summary                        *
=========================================================================
---- Source Parameters
Input File Name                    : "Main.prj"
Input Format                       : mixed
Ignore Synthesis Constraint File   : NO

---- Target Parameters
Output File Name                   : "Main"
Output Format                      : NGC
Target Device                      : xc3s1200e-5-fg320

---- Source Options
Top Module Name                    : Main
Automatic FSM Extraction           : YES
FSM Encoding Algorithm             : Auto
Safe Implementation                : No
FSM Style                          : LUT
RAM Extraction                     : Yes
RAM Style                          : Auto
ROM Extraction                     : Yes
Mux Style                          : Auto
Decoder Extraction                 : YES
Priority Encoder Extraction        : Yes
Shift Register Extraction          : YES
Logical Shifter Extraction         : YES
XOR Collapsing                     : YES
ROM Style                          : Auto
Mux Extraction                     : Yes
Resource Sharing                   : YES
Asynchronous To Synchronous        : NO
Multiplier Style                   : Auto
Automatic Register Balancing       : No

---- Target Options
Add IO Buffers                     : YES
Global Maximum Fanout              : 100000
Add Generic Clock Buffer(BUFG)     : 24
Register Duplication               : YES
Slice Packing                      : YES
Optimize Instantiated Primitives   : NO
Use Clock Enable                   : Yes
Use Synchronous Set                : Yes
Use Synchronous Reset              : Yes
Pack IO Registers into IOBs        : Auto
Equivalent register Removal        : YES

---- General Options
Optimization Goal                  : Speed
Optimization Effort                : 1
Keep Hierarchy                     : No
Netlist Hierarchy                  : As_Optimized
RTL Output                         : Yes
Global Optimization                : AllClockNets
Read Cores                         : YES
Write Timing Constraints           : NO
Cross Clock Analysis               : NO
Hierarchy Separator                : /
Bus Delimiter                      : <>
Case Specifier                     : Maintain
Slice Utilization Ratio            : 100
BRAM Utilization Ratio             : 100
Verilog 2001                       : YES
Auto BRAM Packing                  : NO
Slice Utilization Ratio Delta      : 5

=========================================================================


=========================================================================
*                          HDL Compilation                              *
=========================================================================
Compiling vhdl file "C:/Xilinx/14.7/probaa/Main.vhd" in Library work.
Entity <main> compiled.
Entity <main> (Architecture <behavioral>) compiled.

=========================================================================
*                     Design Hierarchy Analysis                         *
=========================================================================
Analyzing hierarchy for entity <Main> in library <work> (architecture <behavioral>).


=========================================================================
*                            HDL Analysis                               *
=========================================================================
Analyzing Entity <Main> in library <work> (Architecture <behavioral>).
Entity <Main> analyzed. Unit <Main> generated.


=========================================================================
*                           HDL Synthesis                               *
=========================================================================

Performing bidirectional port resolution...

Synthesizing Unit <Main>.
    Related source file is "C:/Xilinx/14.7/probaa/Main.vhd".
    Found 2-bit up counter for signal <Ans>.
    Found 2-bit comparator less for signal <Ans$cmp_lt0000> created at line 70.
    Found 7-bit register for signal <Broj7>.
    Found 20-bit up counter for signal <Counter>.
    Found 20-bit comparator less for signal <Counter$cmp_lt0000> created at line 65.
    Summary:
	inferred   2 Counter(s).
	inferred   7 D-type flip-flop(s).
	inferred   2 Comparator(s).
Unit <Main> synthesized.


=========================================================================
HDL Synthesis Report

Macro Statistics
# Counters                                             : 2
 2-bit up counter                                      : 1
 20-bit up counter                                     : 1
# Registers                                            : 1
 7-bit register                                        : 1
# Comparators                                          : 2
 2-bit comparator less                                 : 1
 20-bit comparator less                                : 1

=========================================================================

=========================================================================
*                       Advanced HDL Synthesis                          *
=========================================================================


=========================================================================
Advanced HDL Synthesis Report

Macro Statistics
# Counters                                             : 2
 2-bit up counter                                      : 1
 20-bit up counter                                     : 1
# Registers                                            : 7
 Flip-Flops                                            : 7
# Comparators                                          : 2
 2-bit comparator less                                 : 1
 20-bit comparator less                                : 1

=========================================================================

=========================================================================
*                         Low Level Synthesis                           *
=========================================================================

Optimizing unit <Main> ...

Mapping all equations...
Building and optimizing final netlist ...
Found area constraint ratio of 100 (+ 5) on block Main, actual ratio is 0.

Final Macro Processing ...

=========================================================================
Final Register Report

Macro Statistics
# Registers                                            : 29
 Flip-Flops                                            : 29

=========================================================================

=========================================================================
*                           Partition Report                            *
=========================================================================

Partition Implementation Status
-------------------------------

  No Partitions were found in this design.

-------------------------------

=========================================================================
*                            Final Report                               *
=========================================================================
Final Results
RTL Top Level Output File Name     : Main.ngr
Top Level Output File Name         : Main
Output Format                      : NGC
Optimization Goal                  : Speed
Keep Hierarchy                     : No

Design Statistics
# IOs                              : 13

Cell Usage :
# BELS                             : 82
#      GND                         : 1
#      INV                         : 9
#      LUT1                        : 19
#      LUT2                        : 5
#      LUT3                        : 8
#      MUXCY                       : 19
#      VCC                         : 1
#      XORCY                       : 20
# FlipFlops/Latches                : 29
#      FDE                         : 7
#      FDR                         : 20
#      FDRE                        : 2
# Clock Buffers                    : 1
#      BUFGP                       : 1
# IO Buffers                       : 12
#      IBUF                        : 1
#      OBUF                        : 11
=========================================================================

Device utilization summary:
---------------------------

Selected Device : 3s1200efg320-5 

 Number of Slices:                       17  out of   8672     0%  
 Number of Slice Flip Flops:             29  out of  17344     0%  
 Number of 4 input LUTs:                 41  out of  17344     0%  
 Number of IOs:                          13
 Number of bonded IOBs:                  13  out of    250     5%  
 Number of GCLKs:                         1  out of     24     4%  

---------------------------
Partition Resource Summary:
---------------------------

  No Partitions were found in this design.

---------------------------


=========================================================================
TIMING REPORT

NOTE: THESE TIMING NUMBERS ARE ONLY A SYNTHESIS ESTIMATE.
      FOR ACCURATE TIMING INFORMATION PLEASE REFER TO THE TRACE REPORT
      GENERATED AFTER PLACE-and-ROUTE.

Clock Information:
------------------
-----------------------------------+------------------------+-------+
Clock Signal                       | Clock buffer(FF name)  | Load  |
-----------------------------------+------------------------+-------+
CLK                                | BUFGP                  | 29    |
-----------------------------------+------------------------+-------+

Asynchronous Control Signals Information:
----------------------------------------
No asynchronous control signals found in this design

Timing Summary:
---------------
Speed Grade: -5

   Minimum period: 3.882ns (Maximum Frequency: 257.632MHz)
   Minimum input arrival time before clock: 2.740ns
   Maximum output required time after clock: 5.654ns
   Maximum combinational path delay: No path found

Timing Detail:
--------------
All values displayed in nanoseconds (ns)

=========================================================================
Timing constraint: Default period analysis for Clock 'CLK'
  Clock period: 3.882ns (frequency: 257.632MHz)
  Total number of paths / destination ports: 262 / 60
-------------------------------------------------------------------------
Delay:               3.882ns (Levels of Logic = 20)
  Source:            Counter_1 (FF)
  Destination:       Counter_19 (FF)
  Source Clock:      CLK rising
  Destination Clock: CLK rising

  Data Path: Counter_1 to Counter_19
                                Gate     Net
    Cell:in->out      fanout   Delay   Delay  Logical Name (Net Name)
    ----------------------------------------  ------------
     FDR:C->Q              1   0.514   0.509  Counter_1 (Counter_1)
     LUT1:I0->O            1   0.612   0.000  Mcount_Counter_cy<1>_rt (Mcount_Counter_cy<1>_rt)
     MUXCY:S->O            1   0.404   0.000  Mcount_Counter_cy<1> (Mcount_Counter_cy<1>)
     MUXCY:CI->O           1   0.051   0.000  Mcount_Counter_cy<2> (Mcount_Counter_cy<2>)
     MUXCY:CI->O           1   0.051   0.000  Mcount_Counter_cy<3> (Mcount_Counter_cy<3>)
     MUXCY:CI->O           1   0.051   0.000  Mcount_Counter_cy<4> (Mcount_Counter_cy<4>)
     MUXCY:CI->O           1   0.051   0.000  Mcount_Counter_cy<5> (Mcount_Counter_cy<5>)
     MUXCY:CI->O           1   0.051   0.000  Mcount_Counter_cy<6> (Mcount_Counter_cy<6>)
     MUXCY:CI->O           1   0.051   0.000  Mcount_Counter_cy<7> (Mcount_Counter_cy<7>)
     MUXCY:CI->O           1   0.051   0.000  Mcount_Counter_cy<8> (Mcount_Counter_cy<8>)
     MUXCY:CI->O           1   0.051   0.000  Mcount_Counter_cy<9> (Mcount_Counter_cy<9>)
     MUXCY:CI->O           1   0.051   0.000  Mcount_Counter_cy<10> (Mcount_Counter_cy<10>)
     MUXCY:CI->O           1   0.051   0.000  Mcount_Counter_cy<11> (Mcount_Counter_cy<11>)
     MUXCY:CI->O           1   0.051   0.000  Mcount_Counter_cy<12> (Mcount_Counter_cy<12>)
     MUXCY:CI->O           1   0.051   0.000  Mcount_Counter_cy<13> (Mcount_Counter_cy<13>)
     MUXCY:CI->O           1   0.051   0.000  Mcount_Counter_cy<14> (Mcount_Counter_cy<14>)
     MUXCY:CI->O           1   0.051   0.000  Mcount_Counter_cy<15> (Mcount_Counter_cy<15>)
     MUXCY:CI->O           1   0.051   0.000  Mcount_Counter_cy<16> (Mcount_Counter_cy<16>)
     MUXCY:CI->O           1   0.051   0.000  Mcount_Counter_cy<17> (Mcount_Counter_cy<17>)
     MUXCY:CI->O           0   0.051   0.000  Mcount_Counter_cy<18> (Mcount_Counter_cy<18>)
     XORCY:CI->O           1   0.699   0.000  Mcount_Counter_xor<19> (Result<19>)
     FDR:D                     0.268          Counter_19
    ----------------------------------------
    Total                      3.882ns (3.373ns logic, 0.509ns route)
                                       (86.9% logic, 13.1% route)

=========================================================================
Timing constraint: Default OFFSET IN BEFORE for Clock 'CLK'
  Total number of paths / destination ports: 7 / 7
-------------------------------------------------------------------------
Offset:              2.740ns (Levels of Logic = 2)
  Source:            PR (PAD)
  Destination:       Broj7_1 (FF)
  Destination Clock: CLK rising

  Data Path: PR to Broj7_1
                                Gate     Net
    Cell:in->out      fanout   Delay   Delay  Logical Name (Net Name)
    ----------------------------------------  ------------
     IBUF:I->O             7   1.106   0.754  PR_IBUF (PR_IBUF)
     LUT3:I0->O            1   0.612   0.000  Broj7_mux0002<0>1 (Broj7_mux0002<0>)
     FDE:D                     0.268          Broj7_6
    ----------------------------------------
    Total                      2.740ns (1.986ns logic, 0.754ns route)
                                       (72.5% logic, 27.5% route)

=========================================================================
Timing constraint: Default OFFSET OUT AFTER for Clock 'CLK'
  Total number of paths / destination ports: 15 / 11
-------------------------------------------------------------------------
Offset:              5.654ns (Levels of Logic = 2)
  Source:            Ans_0 (FF)
  Destination:       AN0 (PAD)
  Source Clock:      CLK rising

  Data Path: Ans_0 to AN0
                                Gate     Net
    Cell:in->out      fanout   Delay   Delay  Logical Name (Net Name)
    ----------------------------------------  ------------
     FDRE:C->Q            14   0.514   1.002  Ans_0 (Ans_0)
     LUT2:I0->O            1   0.612   0.357  AN31 (AN3_OBUF)
     OBUF:I->O                 3.169          AN3_OBUF (AN3)
    ----------------------------------------
    Total                      5.654ns (4.295ns logic, 1.359ns route)
                                       (76.0% logic, 24.0% route)

=========================================================================


Total REAL time to Xst completion: 18.00 secs
Total CPU time to Xst completion: 17.64 secs
 
--> 

Total memory usage is 246364 kilobytes

Number of errors   :    0 (   0 filtered)
Number of warnings :    0 (   0 filtered)
Number of infos    :    0 (   0 filtered)

