Command line:
   simulacija_isim_beh.exe
     -simmode  gui
     -simrunnum  0
     -socket  52600

Thu Feb 09 15:45:24 2017


 Elaboration Time: 0.09375 sec

 Current Memory Usage: 667.021 Meg

 Total Signals          : 35
 Total Nets             : 184
 Total Signal Drivers   : 24
 Total Blocks           : 8
 Total Primitive Blocks : 5
 Total Processes        : 28
 Total Traceable Variables  : 37
 Total Scalar Nets and Variables : 402
Total Line Count : 71

 Total Simulation Time: 205.266 sec

 Current Memory Usage: 667.021 Meg

Thu Feb 09 16:33:45 2017

